[debug] [2018-02-08T20:58:01.653Z] ----------------------------------------------------------------------
[debug] [2018-02-08T20:58:01.655Z] Command:       /usr/local/Cellar/node/8.9.0/bin/node /Users/apaz/code/github.com/alexjpaz/liftit/packages/host-firebase/node_modules/.bin/firebase serve
[debug] [2018-02-08T20:58:01.655Z] CLI Version:   3.17.4
[debug] [2018-02-08T20:58:01.655Z] Platform:      darwin
[debug] [2018-02-08T20:58:01.655Z] Node Version:  v8.9.0
[debug] [2018-02-08T20:58:01.656Z] Time:          Thu Feb 08 2018 15:58:01 GMT-0500 (EST)
[debug] [2018-02-08T20:58:01.656Z] ----------------------------------------------------------------------
[debug] 
[debug] [2018-02-08T20:58:01.666Z] > command requires scopes: ["email","openid","https://www.googleapis.com/auth/cloudplatformprojects.readonly","https://www.googleapis.com/auth/firebase","https://www.googleapis.com/auth/cloud-platform"]
[debug] [2018-02-08T20:58:01.667Z] > authorizing via signed-in user
[debug] [2018-02-08T20:58:01.668Z] >>> HTTP REQUEST GET https://admin.firebase.com/v1/projects/liftit-1138  
  
 Thu Feb 08 2018 15:58:01 GMT-0500 (EST)
[debug] [2018-02-08T20:58:02.109Z] <<< HTTP RESPONSE 200
[debug] [2018-02-08T20:58:02.110Z] >>> HTTP REQUEST GET https://admin.firebase.com/v1/database/liftit-1138/tokens  
  
 Thu Feb 08 2018 15:58:02 GMT-0500 (EST)
[debug] [2018-02-08T20:58:02.601Z] <<< HTTP RESPONSE 200
[info] 
[info] === Serving from '/Users/apaz/code/github.com/alexjpaz/liftit/packages/host-firebase'...
[info] 
[debug] [2018-02-08T20:58:02.604Z] >>> HTTP REQUEST GET https://cloudresourcemanager.googleapis.com/v1/projects/liftit-1138  
  
 Thu Feb 08 2018 15:58:02 GMT-0500 (EST)
[debug] [2018-02-08T20:58:03.271Z] <<< HTTP RESPONSE 200
[debug] [2018-02-08T20:58:03.272Z] >>> HTTP REQUEST GET https://mobilesdk-pa.googleapis.com/v1/projects/592807124060/clients/_:getWebAppConfig  
  
 Thu Feb 08 2018 15:58:03 GMT-0500 (EST)
[debug] [2018-02-08T20:58:04.050Z] <<< HTTP RESPONSE 200
[info] i  hosting: Serving hosting files from: public
[info] ✔  hosting: Local server: http://localhost:5000

